<?xml version="1.0" encoding="UTF-8"?>
<!-- Generated by org.testng.reporters.JUnitXMLReporter -->
<testsuite ignored="4" hostname="Leonardos-MacBook-Air.local" failures="0" tests="3" name="Launch" time="6.849" errors="0" timestamp="2023-05-10T10:33:22 WEST">
  <testcase classname="test.ui.SecondTest" name="testXxx" time="1.838"/>
  <testcase classname="test.ui.ThirdTest" name="testBlaBla" time="1.838"/>
  <testcase classname="test.ui.LoginTest" name="testLoginUser" time="6.833"/>
  <testcase classname="test.BaseTest" name="@AfterSuite tearDown" time="0.0">
    <ignored/>
  </testcase> <!-- @AfterSuite tearDown -->
  <testcase classname="test.BaseTest" name="@BeforeSuite setUp" time="0.0">
    <ignored/>
  </testcase> <!-- @BeforeSuite setUp -->
  <testcase classname="test.BaseTest" name="@BeforeSuite setUp" time="0.0">
    <ignored/>
  </testcase> <!-- @BeforeSuite setUp -->
  <testcase classname="test.BaseTest" name="@AfterSuite tearDown" time="0.0">
    <ignored/>
  </testcase> <!-- @AfterSuite tearDown -->
</testsuite> <!-- Launch -->
