<?xml version="1.0" encoding="UTF-8"?>
<testsuite xmlns:xsi="http://www.w3.org/2001/XMLSchema-instance" xsi:noNamespaceSchemaLocation="https://maven.apache.org/surefire/maven-surefire-plugin/xsd/surefire-test-report-3.0.xsd" version="3.0" name="TestSuite" time="8.415" tests="3" errors="0" skipped="0" failures="0">
  <properties>
[...]
</properties>
  <testcase name="testBlaBla" classname="test.ui.ThirdTest" time="1.843">
    <system-out><![CDATA[A1. Navigate to the homepage
C1. Navigate to the homepage
B1. Navigate to the homepage
C2. Verify the user has correctly logged in
B2. Verify the user has correctly logged in
C3. Test 3 End
B3. Test 2 End
]]></system-out>
    <system-err><![CDATA[SLF4J: Failed to load class "org.slf4j.impl.StaticLoggerBinder".
SLF4J: Defaulting to no-operation (NOP) logger implementation
SLF4J: See http://www.slf4j.org/codes.html#StaticLoggerBinder for further details.
ChromeDriver was started successfully.
May 10, 2023 10:33:14 AM org.openqa.selenium.remote.ProtocolHandshake createSession
INFO: Detected dialect: W3C
ChromeDriver was started successfully.
May 10, 2023 10:33:14 AM org.openqa.selenium.remote.ProtocolHandshake createSession
INFO: Detected dialect: W3C
ChromeDriver was started successfully.
May 10, 2023 10:33:15 AM org.openqa.selenium.remote.ProtocolHandshake createSession
INFO: Detected dialect: W3C
]]></system-err>
  </testcase>
  <testcase name="testXxx" classname="test.ui.SecondTest" time="1.844"/>
  <testcase name="testLoginUser" classname="test.ui.LoginTest" time="6.833">
    <system-out><![CDATA[A2. Verify the user has correctly logged in
A3. Test1 End
]]></system-out>
  </testcase>
</testsuite>